<?xml version="1.0" encoding="UTF-8"?>
<testsuite xmlns:xsi="http://www.w3.org/2001/XMLSchema-instance" xsi:noNamespaceSchemaLocation="https://maven.apache.org/surefire/maven-surefire-plugin/xsd/surefire-test-report.xsd" name="br.com.exactaworks.desafio.dinamica.gabriel.api1.controller.ExpenseControllerTest" time="11.415" tests="5" errors="0" skipped="0" failures="0">
  <properties>
[...]
</properties>
  <testcase name="getAllExpensesValidateResponse" classname="br.com.exactaworks.desafio.dinamica.gabriel.api1.controller.ExpenseControllerTest" time="1.703"/>
  <testcase name="getExpenseById_NotFound" classname="br.com.exactaworks.desafio.dinamica.gabriel.api1.controller.ExpenseControllerTest" time="0.402"/>
  <testcase name="getAllExpensesValidateCount" classname="br.com.exactaworks.desafio.dinamica.gabriel.api1.controller.ExpenseControllerTest" time="0.276"/>
  <testcase name="createExpense" classname="br.com.exactaworks.desafio.dinamica.gabriel.api1.controller.ExpenseControllerTest" time="0.423"/>
  <testcase name="getExpenseById" classname="br.com.exactaworks.desafio.dinamica.gabriel.api1.controller.ExpenseControllerTest" time="0.096"/>
</testsuite>